<?xml version="1.0" encoding="UTF-8"?>
<!-- Generated by org.testng.reporters.JUnitXMLReporter -->
<testsuite hostname="DESKTOP-D5LTVCT" ignored="3" name="Test" tests="2" failures="0" timestamp="01 Apr 2019 19:00:52 GMT" time="11.914" errors="0">
  <testcase name="@BeforeMethod login" time="10.995" classname="wdmethods.ProjectMethods">
    <failure type="java.lang.NullPointerException">
      <![CDATA[java.lang.NullPointerException
at utils.Reporter.reportStep(Reporter.java:27)
at wdmethods.SeMethods.startApp(SeMethods.java:40)
at wdmethods.ProjectMethods.login(ProjectMethods.java:33)
... Removed 28 stack frames]]>
    </failure>
  </testcase> <!-- @BeforeMethod login -->
  <testcase name="@AfterMethod close" time="0.0" classname="wdmethods.ProjectMethods">
    <skipped/>
  </testcase> <!-- @AfterMethod close -->
  <testcase name="@BeforeMethod login" time="0.0" classname="wdmethods.ProjectMethods">
    <skipped/>
  </testcase> <!-- @BeforeMethod login -->
  <testcase name="@AfterMethod close" time="0.0" classname="wdmethods.ProjectMethods">
    <skipped/>
  </testcase> <!-- @AfterMethod close -->
  <testcase name="editLead" time="0.0" classname="testcases.EditLead">
    <skipped/>
  </testcase> <!-- editLead -->
  <testcase name="deleteLead" time="0.0" classname="testcases.DeleteLead">
    <skipped/>
  </testcase> <!-- deleteLead -->
  <testcase name="mergeLead" time="0.0" classname="testcases.MergeLead">
    <ignored/>
  </testcase> <!-- mergeLead -->
  <testcase name="duplicateLead" time="0.0" classname="testcases.DuplicateLead">
    <ignored/>
  </testcase> <!-- duplicateLead -->
  <testcase name="createLead" time="0.0" classname="testcases.CreateLead">
    <ignored/>
  </testcase> <!-- createLead -->
</testsuite> <!-- Test -->
